<?xml version="1.0" encoding="UTF-8"?>
<!-- Generated by org.testng.reporters.JUnitReportReporter -->
<testsuite hostname="Kiran-Pc" failures="0" tests="1" name="com.cts.sheet.ExcelReader" time="0.073" errors="0" timestamp="2020-04-09T15:49:39 IST" skipped="0">
  <testcase classname="com.cts.sheet.ExcelReader" name="DataLogin" time="0.073"/>
  <system-out/>
</testsuite> <!-- com.cts.sheet.ExcelReader -->
