<?xml version="1.0" encoding="UTF-8"?>
<!-- Generated by org.testng.reporters.JUnitReportReporter -->
<testsuite hostname="admin-PC" failures="0" tests="1" name="com.cts.Data.LoginPage" time="53.675" errors="0" timestamp="2020-03-31T09:40:52 IST" skipped="0">
  <testcase classname="com.cts.Data.LoginPage" name="DataLogin" time="53.675"/>
  <system-out/>
</testsuite> <!-- com.cts.Data.LoginPage -->
